449  [main] INFO  eu.kidf.diversicon.cli.DiverCli - 
508  [main] INFO  eu.kidf.diversicon.cli.MainCommand - Found no global configuration, creating it at /tmp/divercli-test-home7702355922131735556/.config/divercli ...
556  [main] ERROR eu.kidf.diversicon.cli.DiverCli - Error while opening 666  !!
666 (No such file or directory)
385  [main] INFO  eu.kidf.diversicon.cli.DiverCli - 
442  [main] INFO  eu.kidf.diversicon.cli.MainCommand - Found no global configuration, creating it at /tmp/divercli-test-home6241902761718896523/.config/divercli ...
491  [main] ERROR eu.kidf.diversicon.cli.DiverCli - Error while opening 666  !!
666 (No such file or directory)
497  [main] ERROR e.k.diversicon.cli.DiverCli.details - 
eu.kidf.diversicon.core.exceptions.DivIoException: Error while opening 666  !!
	at eu.kidf.diversicon.core.Diversicons.readData(Diversicons.java:2441) ~[classes/:na]
	at eu.kidf.diversicon.core.Diversicons.readData(Diversicons.java:2337) ~[classes/:na]
	at eu.kidf.diversicon.core.Diversicons.readData(Diversicons.java:2323) ~[classes/:na]
	at eu.kidf.diversicon.cli.commands.ValidateCommand.run(ValidateCommand.java:97) ~[classes/:na]
	at eu.kidf.diversicon.cli.DiverCli.run(DiverCli.java:424) ~[classes/:na]
	at eu.kidf.diversicon.cli.DiverCli.main(DiverCli.java:257) ~[classes/:na]
	at eu.kidf.diversicon.cli.test.DiverCliTest.testInternalError(DiverCliTest.java:177) [test-classes/:na]
	at sun.reflect.NativeMethodAccessorImpl.invoke0(Native Method) ~[na:1.7.0_80]
	at sun.reflect.NativeMethodAccessorImpl.invoke(NativeMethodAccessorImpl.java:57) ~[na:1.7.0_80]
	at sun.reflect.DelegatingMethodAccessorImpl.invoke(DelegatingMethodAccessorImpl.java:43) ~[na:1.7.0_80]
	at java.lang.reflect.Method.invoke(Method.java:606) ~[na:1.7.0_80]
	at org.junit.runners.model.FrameworkMethod$1.runReflectiveCall(FrameworkMethod.java:50) [junit-4.12.jar:4.12]
	at org.junit.internal.runners.model.ReflectiveCallable.run(ReflectiveCallable.java:12) [junit-4.12.jar:4.12]
	at org.junit.runners.model.FrameworkMethod.invokeExplosively(FrameworkMethod.java:47) [junit-4.12.jar:4.12]
	at org.junit.internal.runners.statements.InvokeMethod.evaluate(InvokeMethod.java:17) [junit-4.12.jar:4.12]
	at org.junit.internal.runners.statements.RunBefores.evaluate(RunBefores.java:26) [junit-4.12.jar:4.12]
	at org.junit.internal.runners.statements.RunAfters.evaluate(RunAfters.java:27) [junit-4.12.jar:4.12]
	at org.junit.runners.ParentRunner.runLeaf(ParentRunner.java:325) [junit-4.12.jar:4.12]
	at org.junit.runners.BlockJUnit4ClassRunner.runChild(BlockJUnit4ClassRunner.java:78) [junit-4.12.jar:4.12]
	at org.junit.runners.BlockJUnit4ClassRunner.runChild(BlockJUnit4ClassRunner.java:57) [junit-4.12.jar:4.12]
	at org.junit.runners.ParentRunner$3.run(ParentRunner.java:290) [junit-4.12.jar:4.12]
	at org.junit.runners.ParentRunner$1.schedule(ParentRunner.java:71) [junit-4.12.jar:4.12]
	at org.junit.runners.ParentRunner.runChildren(ParentRunner.java:288) [junit-4.12.jar:4.12]
	at org.junit.runners.ParentRunner.access$000(ParentRunner.java:58) [junit-4.12.jar:4.12]
	at org.junit.runners.ParentRunner$2.evaluate(ParentRunner.java:268) [junit-4.12.jar:4.12]
	at org.junit.runners.ParentRunner.run(ParentRunner.java:363) [junit-4.12.jar:4.12]
	at org.eclipse.jdt.internal.junit4.runner.JUnit4TestReference.run(JUnit4TestReference.java:86) [.cp/:na]
	at org.eclipse.jdt.internal.junit.runner.TestExecution.run(TestExecution.java:38) [.cp/:na]
	at org.eclipse.jdt.internal.junit.runner.RemoteTestRunner.runTests(RemoteTestRunner.java:459) [.cp/:na]
	at org.eclipse.jdt.internal.junit.runner.RemoteTestRunner.runTests(RemoteTestRunner.java:675) [.cp/:na]
	at org.eclipse.jdt.internal.junit.runner.RemoteTestRunner.run(RemoteTestRunner.java:382) [.cp/:na]
	at org.eclipse.jdt.internal.junit.runner.RemoteTestRunner.main(RemoteTestRunner.java:192) [.cp/:na]
Caused by: java.io.FileNotFoundException: 666 (No such file or directory)
	at java.io.FileInputStream.open(Native Method) ~[na:1.7.0_80]
	at java.io.FileInputStream.<init>(FileInputStream.java:146) ~[na:1.7.0_80]
	at java.io.FileInputStream.<init>(FileInputStream.java:101) ~[na:1.7.0_80]
	at eu.kidf.diversicon.core.Diversicons.readData(Diversicons.java:2436) ~[classes/:na]
	... 31 common frames omitted
497  [main] ERROR e.k.diversicon.cli.DiverCli.details - 
eu.kidf.diversicon.core.exceptions.DivIoException: Error while opening 666  !!
	at eu.kidf.diversicon.core.Diversicons.readData(Diversicons.java:2441) ~[classes/:na]
	at eu.kidf.diversicon.core.Diversicons.readData(Diversicons.java:2337) ~[classes/:na]
	at eu.kidf.diversicon.core.Diversicons.readData(Diversicons.java:2323) ~[classes/:na]
	at eu.kidf.diversicon.cli.commands.ValidateCommand.run(ValidateCommand.java:97) ~[classes/:na]
	at eu.kidf.diversicon.cli.DiverCli.run(DiverCli.java:424) ~[classes/:na]
	at eu.kidf.diversicon.cli.DiverCli.main(DiverCli.java:257) ~[classes/:na]
	at eu.kidf.diversicon.cli.test.DiverCliTest.testInternalError(DiverCliTest.java:177) [test-classes/:na]
	at sun.reflect.NativeMethodAccessorImpl.invoke0(Native Method) ~[na:1.7.0_80]
	at sun.reflect.NativeMethodAccessorImpl.invoke(NativeMethodAccessorImpl.java:57) ~[na:1.7.0_80]
	at sun.reflect.DelegatingMethodAccessorImpl.invoke(DelegatingMethodAccessorImpl.java:43) ~[na:1.7.0_80]
	at java.lang.reflect.Method.invoke(Method.java:606) ~[na:1.7.0_80]
	at org.junit.runners.model.FrameworkMethod$1.runReflectiveCall(FrameworkMethod.java:50) [junit-4.12.jar:4.12]
	at org.junit.internal.runners.model.ReflectiveCallable.run(ReflectiveCallable.java:12) [junit-4.12.jar:4.12]
	at org.junit.runners.model.FrameworkMethod.invokeExplosively(FrameworkMethod.java:47) [junit-4.12.jar:4.12]
	at org.junit.internal.runners.statements.InvokeMethod.evaluate(InvokeMethod.java:17) [junit-4.12.jar:4.12]
	at org.junit.internal.runners.statements.RunBefores.evaluate(RunBefores.java:26) [junit-4.12.jar:4.12]
	at org.junit.internal.runners.statements.RunAfters.evaluate(RunAfters.java:27) [junit-4.12.jar:4.12]
	at org.junit.runners.ParentRunner.runLeaf(ParentRunner.java:325) [junit-4.12.jar:4.12]
	at org.junit.runners.BlockJUnit4ClassRunner.runChild(BlockJUnit4ClassRunner.java:78) [junit-4.12.jar:4.12]
	at org.junit.runners.BlockJUnit4ClassRunner.runChild(BlockJUnit4ClassRunner.java:57) [junit-4.12.jar:4.12]
	at org.junit.runners.ParentRunner$3.run(ParentRunner.java:290) [junit-4.12.jar:4.12]
	at org.junit.runners.ParentRunner$1.schedule(ParentRunner.java:71) [junit-4.12.jar:4.12]
	at org.junit.runners.ParentRunner.runChildren(ParentRunner.java:288) [junit-4.12.jar:4.12]
	at org.junit.runners.ParentRunner.access$000(ParentRunner.java:58) [junit-4.12.jar:4.12]
	at org.junit.runners.ParentRunner$2.evaluate(ParentRunner.java:268) [junit-4.12.jar:4.12]
	at org.junit.runners.ParentRunner.run(ParentRunner.java:363) [junit-4.12.jar:4.12]
	at org.eclipse.jdt.internal.junit4.runner.JUnit4TestReference.run(JUnit4TestReference.java:86) [.cp/:na]
	at org.eclipse.jdt.internal.junit.runner.TestExecution.run(TestExecution.java:38) [.cp/:na]
	at org.eclipse.jdt.internal.junit.runner.RemoteTestRunner.runTests(RemoteTestRunner.java:459) [.cp/:na]
	at org.eclipse.jdt.internal.junit.runner.RemoteTestRunner.runTests(RemoteTestRunner.java:675) [.cp/:na]
	at org.eclipse.jdt.internal.junit.runner.RemoteTestRunner.run(RemoteTestRunner.java:382) [.cp/:na]
	at org.eclipse.jdt.internal.junit.runner.RemoteTestRunner.main(RemoteTestRunner.java:192) [.cp/:na]
Caused by: java.io.FileNotFoundException: 666 (No such file or directory)
	at java.io.FileInputStream.open(Native Method) ~[na:1.7.0_80]
	at java.io.FileInputStream.<init>(FileInputStream.java:146) ~[na:1.7.0_80]
	at java.io.FileInputStream.<init>(FileInputStream.java:101) ~[na:1.7.0_80]
	at eu.kidf.diversicon.core.Diversicons.readData(Diversicons.java:2436) ~[classes/:na]
	... 31 common frames omitted
403  [main] INFO  eu.kidf.diversicon.cli.DiverCli - 
464  [main] INFO  eu.kidf.diversicon.cli.MainCommand - Found no global configuration, creating it at /tmp/divercli-test-home1391337504507821782/.config/divercli ...
522  [main] ERROR eu.kidf.diversicon.cli.DiverCli - Error while opening 666  !!
666 (No such file or directory)
528  [main] ERROR e.k.diversicon.cli.DiverCli.details - 
eu.kidf.diversicon.core.exceptions.DivIoException: Error while opening 666  !!
	at eu.kidf.diversicon.core.Diversicons.readData(Diversicons.java:2441) ~[classes/:na]
	at eu.kidf.diversicon.core.Diversicons.readData(Diversicons.java:2337) ~[classes/:na]
	at eu.kidf.diversicon.core.Diversicons.readData(Diversicons.java:2323) ~[classes/:na]
	at eu.kidf.diversicon.cli.commands.ValidateCommand.run(ValidateCommand.java:97) ~[classes/:na]
	at eu.kidf.diversicon.cli.DiverCli.run(DiverCli.java:424) ~[classes/:na]
	at eu.kidf.diversicon.cli.DiverCli.main(DiverCli.java:257) ~[classes/:na]
	at eu.kidf.diversicon.cli.test.DiverCliTest.testInternalError(DiverCliTest.java:177) [test-classes/:na]
	at sun.reflect.NativeMethodAccessorImpl.invoke0(Native Method) ~[na:1.7.0_80]
	at sun.reflect.NativeMethodAccessorImpl.invoke(NativeMethodAccessorImpl.java:57) ~[na:1.7.0_80]
	at sun.reflect.DelegatingMethodAccessorImpl.invoke(DelegatingMethodAccessorImpl.java:43) ~[na:1.7.0_80]
	at java.lang.reflect.Method.invoke(Method.java:606) ~[na:1.7.0_80]
	at org.junit.runners.model.FrameworkMethod$1.runReflectiveCall(FrameworkMethod.java:50) [junit-4.12.jar:4.12]
	at org.junit.internal.runners.model.ReflectiveCallable.run(ReflectiveCallable.java:12) [junit-4.12.jar:4.12]
	at org.junit.runners.model.FrameworkMethod.invokeExplosively(FrameworkMethod.java:47) [junit-4.12.jar:4.12]
	at org.junit.internal.runners.statements.InvokeMethod.evaluate(InvokeMethod.java:17) [junit-4.12.jar:4.12]
	at org.junit.internal.runners.statements.RunBefores.evaluate(RunBefores.java:26) [junit-4.12.jar:4.12]
	at org.junit.internal.runners.statements.RunAfters.evaluate(RunAfters.java:27) [junit-4.12.jar:4.12]
	at org.junit.runners.ParentRunner.runLeaf(ParentRunner.java:325) [junit-4.12.jar:4.12]
	at org.junit.runners.BlockJUnit4ClassRunner.runChild(BlockJUnit4ClassRunner.java:78) [junit-4.12.jar:4.12]
	at org.junit.runners.BlockJUnit4ClassRunner.runChild(BlockJUnit4ClassRunner.java:57) [junit-4.12.jar:4.12]
	at org.junit.runners.ParentRunner$3.run(ParentRunner.java:290) [junit-4.12.jar:4.12]
	at org.junit.runners.ParentRunner$1.schedule(ParentRunner.java:71) [junit-4.12.jar:4.12]
	at org.junit.runners.ParentRunner.runChildren(ParentRunner.java:288) [junit-4.12.jar:4.12]
	at org.junit.runners.ParentRunner.access$000(ParentRunner.java:58) [junit-4.12.jar:4.12]
	at org.junit.runners.ParentRunner$2.evaluate(ParentRunner.java:268) [junit-4.12.jar:4.12]
	at org.junit.runners.ParentRunner.run(ParentRunner.java:363) [junit-4.12.jar:4.12]
	at org.eclipse.jdt.internal.junit4.runner.JUnit4TestReference.run(JUnit4TestReference.java:86) [.cp/:na]
	at org.eclipse.jdt.internal.junit.runner.TestExecution.run(TestExecution.java:38) [.cp/:na]
	at org.eclipse.jdt.internal.junit.runner.RemoteTestRunner.runTests(RemoteTestRunner.java:459) [.cp/:na]
	at org.eclipse.jdt.internal.junit.runner.RemoteTestRunner.runTests(RemoteTestRunner.java:675) [.cp/:na]
	at org.eclipse.jdt.internal.junit.runner.RemoteTestRunner.run(RemoteTestRunner.java:382) [.cp/:na]
	at org.eclipse.jdt.internal.junit.runner.RemoteTestRunner.main(RemoteTestRunner.java:192) [.cp/:na]
Caused by: java.io.FileNotFoundException: 666 (No such file or directory)
	at java.io.FileInputStream.open(Native Method) ~[na:1.7.0_80]
	at java.io.FileInputStream.<init>(FileInputStream.java:146) ~[na:1.7.0_80]
	at java.io.FileInputStream.<init>(FileInputStream.java:101) ~[na:1.7.0_80]
	at eu.kidf.diversicon.core.Diversicons.readData(Diversicons.java:2436) ~[classes/:na]
	... 31 common frames omitted
